============================= test session starts ==============================
platform darwin -- Python 3.13.5, pytest-8.4.1, pluggy-1.5.0 -- /Users/mvip/Library/Caches/pypoetry/virtualenvs/sbomify-DzNiZYA8-py3.13/bin/python
cachedir: .pytest_cache
metadata: {'Python': '3.13.5', 'Platform': 'macOS-15.6-arm64-arm-64bit-Mach-O', 'Packages': {'pytest': '8.4.1', 'pluggy': '1.5.0'}, 'Plugins': {'env': '1.1.5', 'json-report': '1.5.0', 'metadata': '3.1.1', 'django': '4.11.1', 'playwright': '0.7.0', 'mock': '3.14.1', 'base-url': '2.1.0', 'anyio': '4.7.0'}, 'Base URL': ''}
django: version: 5.2.4, settings: sbomify.test_settings (from ini)
rootdir: /Users/mvip/code/sbomify/sbomify
configfile: pyproject.toml
plugins: env-1.1.5, json-report-1.5.0, metadata-3.1.1, django-4.11.1, playwright-0.7.0, mock-3.14.1, base-url-2.1.0, anyio-4.7.0
collecting ... collected 1 item

sboms/tests/test_ntia_task.py::TestNTIAComplianceTask::test_successful_compliant_check PASSED [100%]

============================== 1 passed in 0.15s ===============================
